Determining if the pthread_create exist failed with the following output:
Change Dir: /home/ccr/Desktop/IAI-project/plugins/build/CMakeFiles/CMakeTmp

Run Build Command:"/usr/bin/make" "cmTC_57ce7/fast"
/usr/bin/make -f CMakeFiles/cmTC_57ce7.dir/build.make CMakeFiles/cmTC_57ce7.dir/build
make[1]: Entering directory '/home/ccr/Desktop/IAI-project/plugins/build/CMakeFiles/CMakeTmp'
Building C object CMakeFiles/cmTC_57ce7.dir/CheckSymbolExists.c.o
/usr/bin/cc     -o CMakeFiles/cmTC_57ce7.dir/CheckSymbolExists.c.o   -c /home/ccr/Desktop/IAI-project/plugins/build/CMakeFiles/CMakeTmp/CheckSymbolExists.c
Linking C executable cmTC_57ce7
/usr/bin/cmake -E cmake_link_script CMakeFiles/cmTC_57ce7.dir/link.txt --verbose=1
/usr/bin/cc       CMakeFiles/cmTC_57ce7.dir/CheckSymbolExists.c.o  -o cmTC_57ce7 -rdynamic 
CMakeFiles/cmTC_57ce7.dir/CheckSymbolExists.c.o: In function `main':
CheckSymbolExists.c:(.text+0x16): undefined reference to `pthread_create'
collect2: error: ld returned 1 exit status
CMakeFiles/cmTC_57ce7.dir/build.make:97: recipe for target 'cmTC_57ce7' failed
make[1]: *** [cmTC_57ce7] Error 1
make[1]: Leaving directory '/home/ccr/Desktop/IAI-project/plugins/build/CMakeFiles/CMakeTmp'
Makefile:126: recipe for target 'cmTC_57ce7/fast' failed
make: *** [cmTC_57ce7/fast] Error 2

File /home/ccr/Desktop/IAI-project/plugins/build/CMakeFiles/CMakeTmp/CheckSymbolExists.c:
/* */
#include <pthread.h>

int main(int argc, char** argv)
{
  (void)argv;
#ifndef pthread_create
  return ((int*)(&pthread_create))[argc];
#else
  (void)argc;
  return 0;
#endif
}

Determining if the function pthread_create exists in the pthreads failed with the following output:
Change Dir: /home/ccr/Desktop/IAI-project/plugins/build/CMakeFiles/CMakeTmp

Run Build Command:"/usr/bin/make" "cmTC_43e8b/fast"
/usr/bin/make -f CMakeFiles/cmTC_43e8b.dir/build.make CMakeFiles/cmTC_43e8b.dir/build
make[1]: Entering directory '/home/ccr/Desktop/IAI-project/plugins/build/CMakeFiles/CMakeTmp'
Building C object CMakeFiles/cmTC_43e8b.dir/CheckFunctionExists.c.o
/usr/bin/cc    -DCHECK_FUNCTION_EXISTS=pthread_create   -o CMakeFiles/cmTC_43e8b.dir/CheckFunctionExists.c.o   -c /usr/share/cmake-3.5/Modules/CheckFunctionExists.c
Linking C executable cmTC_43e8b
/usr/bin/cmake -E cmake_link_script CMakeFiles/cmTC_43e8b.dir/link.txt --verbose=1
/usr/bin/cc   -DCHECK_FUNCTION_EXISTS=pthread_create    CMakeFiles/cmTC_43e8b.dir/CheckFunctionExists.c.o  -o cmTC_43e8b -rdynamic -lpthreads 
/usr/bin/ld: cannot find -lpthreads
collect2: error: ld returned 1 exit status
CMakeFiles/cmTC_43e8b.dir/build.make:97: recipe for target 'cmTC_43e8b' failed
make[1]: *** [cmTC_43e8b] Error 1
make[1]: Leaving directory '/home/ccr/Desktop/IAI-project/plugins/build/CMakeFiles/CMakeTmp'
Makefile:126: recipe for target 'cmTC_43e8b/fast' failed
make: *** [cmTC_43e8b/fast] Error 2


