Performing C SOURCE FILE Test CMAKE_HAVE_LIBC_PTHREAD failed with the following output:
Change Dir: /home/ccr/Desktop/IAI-project/plugins/cmake-build-debug/CMakeFiles/CMakeTmp

Run Build Command(s):/usr/bin/make cmTC_759bf/fast && /usr/bin/make -f CMakeFiles/cmTC_759bf.dir/build.make CMakeFiles/cmTC_759bf.dir/build
make[1]: Entering directory '/home/ccr/Desktop/IAI-project/plugins/cmake-build-debug/CMakeFiles/CMakeTmp'
Building C object CMakeFiles/cmTC_759bf.dir/src.c.o
/usr/bin/cc   -DCMAKE_HAVE_LIBC_PTHREAD   -o CMakeFiles/cmTC_759bf.dir/src.c.o   -c /home/ccr/Desktop/IAI-project/plugins/cmake-build-debug/CMakeFiles/CMakeTmp/src.c
Linking C executable cmTC_759bf
/home/ccr/Downloads/clion-2019.3/bin/cmake/linux/bin/cmake -E cmake_link_script CMakeFiles/cmTC_759bf.dir/link.txt --verbose=1
/usr/bin/cc  -DCMAKE_HAVE_LIBC_PTHREAD    -rdynamic CMakeFiles/cmTC_759bf.dir/src.c.o  -o cmTC_759bf 
CMakeFiles/cmTC_759bf.dir/src.c.o: In function `main':
src.c:(.text+0x3c): undefined reference to `pthread_create'
src.c:(.text+0x48): undefined reference to `pthread_detach'
src.c:(.text+0x59): undefined reference to `pthread_join'
src.c:(.text+0x6d): undefined reference to `pthread_atfork'
collect2: error: ld returned 1 exit status
CMakeFiles/cmTC_759bf.dir/build.make:86: recipe for target 'cmTC_759bf' failed
make[1]: *** [cmTC_759bf] Error 1
make[1]: Leaving directory '/home/ccr/Desktop/IAI-project/plugins/cmake-build-debug/CMakeFiles/CMakeTmp'
Makefile:121: recipe for target 'cmTC_759bf/fast' failed
make: *** [cmTC_759bf/fast] Error 2


Source file was:
#include <pthread.h>

void* test_func(void* data)
{
  return data;
}

int main(void)
{
  pthread_t thread;
  pthread_create(&thread, NULL, test_func, NULL);
  pthread_detach(thread);
  pthread_join(thread, NULL);
  pthread_atfork(NULL, NULL, NULL);
  pthread_exit(NULL);

  return 0;
}

Determining if the function pthread_create exists in the pthreads failed with the following output:
Change Dir: /home/ccr/Desktop/IAI-project/plugins/cmake-build-debug/CMakeFiles/CMakeTmp

Run Build Command(s):/usr/bin/make cmTC_33ebf/fast && /usr/bin/make -f CMakeFiles/cmTC_33ebf.dir/build.make CMakeFiles/cmTC_33ebf.dir/build
make[1]: Entering directory '/home/ccr/Desktop/IAI-project/plugins/cmake-build-debug/CMakeFiles/CMakeTmp'
Building C object CMakeFiles/cmTC_33ebf.dir/CheckFunctionExists.c.o
/usr/bin/cc   -DCHECK_FUNCTION_EXISTS=pthread_create   -o CMakeFiles/cmTC_33ebf.dir/CheckFunctionExists.c.o   -c /home/ccr/Downloads/clion-2019.3/bin/cmake/linux/share/cmake-3.15/Modules/CheckFunctionExists.c
Linking C executable cmTC_33ebf
/home/ccr/Downloads/clion-2019.3/bin/cmake/linux/bin/cmake -E cmake_link_script CMakeFiles/cmTC_33ebf.dir/link.txt --verbose=1
/usr/bin/cc  -DCHECK_FUNCTION_EXISTS=pthread_create    -rdynamic CMakeFiles/cmTC_33ebf.dir/CheckFunctionExists.c.o  -o cmTC_33ebf -lpthreads 
/usr/bin/ld: cannot find -lpthreads
collect2: error: ld returned 1 exit status
CMakeFiles/cmTC_33ebf.dir/build.make:86: recipe for target 'cmTC_33ebf' failed
make[1]: *** [cmTC_33ebf] Error 1
make[1]: Leaving directory '/home/ccr/Desktop/IAI-project/plugins/cmake-build-debug/CMakeFiles/CMakeTmp'
Makefile:121: recipe for target 'cmTC_33ebf/fast' failed
make: *** [cmTC_33ebf/fast] Error 2



